<?xml version="1.0" encoding="UTF-8"?>
<testng-results skipped="0" failed="0" ignored="0" total="1" passed="1">
  <reporter-output>
  </reporter-output>
  <suite name="Suite" duration-ms="285" started-at="2020-10-14T12:19:49 IST" finished-at="2020-10-14T12:19:49 IST">
    <groups>
    </groups>
    <test name="Test" duration-ms="285" started-at="2020-10-14T12:19:49 IST" finished-at="2020-10-14T12:19:49 IST">
      <class name="Testcases.checkwithusernamenull">
        <test-method status="PASS" signature="Startbrowser()[pri:0, instance:Testcases.checkwithusernamenull@50b494a6]" name="Startbrowser" is-config="true" duration-ms="8851" started-at="2020-10-14T12:19:40 IST" finished-at="2020-10-14T12:19:49 IST">
          <reporter-output>
          </reporter-output>
        </test-method> <!-- Startbrowser -->
        <test-method status="PASS" signature="checkwithusernameempty()[pri:0, instance:Testcases.checkwithusernamenull@50b494a6]" name="checkwithusernameempty" duration-ms="260" started-at="2020-10-14T12:19:49 IST" finished-at="2020-10-14T12:19:49 IST">
          <reporter-output>
          </reporter-output>
        </test-method> <!-- checkwithusernameempty -->
        <test-method status="PASS" signature="close()[pri:0, instance:Testcases.checkwithusernamenull@50b494a6]" name="close" is-config="true" duration-ms="1046" started-at="2020-10-14T12:19:49 IST" finished-at="2020-10-14T12:19:50 IST">
          <reporter-output>
          </reporter-output>
        </test-method> <!-- close -->
      </class> <!-- Testcases.checkwithusernamenull -->
    </test> <!-- Test -->
  </suite> <!-- Suite -->
</testng-results>
