<?xml version="1.0" encoding="UTF-8"?>
<testng-results skipped="0" failed="0" ignored="0" total="1" passed="1">
  <reporter-output>
  </reporter-output>
  <suite name="Suite" duration-ms="9753" started-at="2020-10-19T11:53:05 IST" finished-at="2020-10-19T11:53:15 IST">
    <groups>
    </groups>
    <test name="Test" duration-ms="9753" started-at="2020-10-19T11:53:05 IST" finished-at="2020-10-19T11:53:15 IST">
      <class name="Testcases.checkloginbtnpresent">
        <test-method status="PASS" signature="Startbrowser()[pri:0, instance:Testcases.checkloginbtnpresent@50b494a6]" name="Startbrowser" is-config="true" duration-ms="8855" started-at="2020-10-19T11:53:05 IST" finished-at="2020-10-19T11:53:14 IST">
          <reporter-output>
          </reporter-output>
        </test-method> <!-- Startbrowser -->
        <test-method status="PASS" signature="checkloginbuttonpresent()[pri:0, instance:Testcases.checkloginbtnpresent@50b494a6]" name="checkloginbuttonpresent" duration-ms="109" started-at="2020-10-19T11:53:14 IST" finished-at="2020-10-19T11:53:14 IST">
          <reporter-output>
          </reporter-output>
        </test-method> <!-- checkloginbuttonpresent -->
        <test-method status="PASS" signature="close()[pri:0, instance:Testcases.checkloginbtnpresent@50b494a6]" name="close" is-config="true" duration-ms="748" started-at="2020-10-19T11:53:14 IST" finished-at="2020-10-19T11:53:15 IST">
          <reporter-output>
          </reporter-output>
        </test-method> <!-- close -->
      </class> <!-- Testcases.checkloginbtnpresent -->
    </test> <!-- Test -->
  </suite> <!-- Suite -->
</testng-results>
